<?xml version="1.0" encoding="UTF-8"?>
<testng-results ignored="0" total="2" passed="2" failed="0" skipped="0">
  <reporter-output>
  </reporter-output>
  <suite started-at="2024-10-08T17:22:29 IST" name="Suite" finished-at="2024-10-08T17:22:48 IST" duration-ms="18787">
    <groups>
      <group name="Regression">
        <method signature="TC001_AccountRegistartionTest.Verify_Account_Registration()[pri:0, instance:testCases.TC001_AccountRegistartionTest@38234a38]" name="Verify_Account_Registration" class="testCases.TC001_AccountRegistartionTest"/>
      </group> <!-- Regression -->
      <group name="sanity">
        <method signature="TC002_LoginTestcase.Login()[pri:0, instance:testCases.TC002_LoginTestcase@22f31dec]" name="Login" class="testCases.TC002_LoginTestcase"/>
      </group> <!-- sanity -->
    </groups>
    <test started-at="2024-10-08T17:22:29 IST" name="Test" finished-at="2024-10-08T17:22:48 IST" duration-ms="18787">
      <class name="testCases.TC002_LoginTestcase">
        <test-method is-config="true" signature="setup(java.lang.String,java.lang.String)[pri:0, instance:testCases.TC002_LoginTestcase@22f31dec]" started-at="2024-10-08T17:22:41 IST" name="setup" finished-at="2024-10-08T17:22:45 IST" duration-ms="4459" status="PASS">
          <params>
            <param index="0">
              <value>
                <![CDATA[windows]]>
              </value>
            </param>
            <param index="1">
              <value>
                <![CDATA[chrome]]>
              </value>
            </param>
          </params>
          <reporter-output>
          </reporter-output>
        </test-method> <!-- setup -->
        <test-method signature="Login()[pri:0, instance:testCases.TC002_LoginTestcase@22f31dec]" started-at="2024-10-08T17:22:45 IST" name="Login" finished-at="2024-10-08T17:22:48 IST" duration-ms="2294" status="PASS">
          <reporter-output>
          </reporter-output>
        </test-method> <!-- Login -->
        <test-method is-config="true" signature="teatdown()[pri:0, instance:testCases.TC002_LoginTestcase@22f31dec]" started-at="2024-10-08T17:22:48 IST" name="teatdown" finished-at="2024-10-08T17:22:48 IST" duration-ms="311" status="PASS">
          <reporter-output>
          </reporter-output>
        </test-method> <!-- teatdown -->
      </class> <!-- testCases.TC002_LoginTestcase -->
      <class name="testCases.TC001_AccountRegistartionTest">
        <test-method is-config="true" signature="setup(java.lang.String,java.lang.String)[pri:0, instance:testCases.TC001_AccountRegistartionTest@38234a38]" started-at="2024-10-08T17:22:30 IST" name="setup" finished-at="2024-10-08T17:22:36 IST" duration-ms="6043" status="PASS">
          <params>
            <param index="0">
              <value>
                <![CDATA[windows]]>
              </value>
            </param>
            <param index="1">
              <value>
                <![CDATA[chrome]]>
              </value>
            </param>
          </params>
          <reporter-output>
          </reporter-output>
        </test-method> <!-- setup -->
        <test-method signature="Verify_Account_Registration()[pri:0, instance:testCases.TC001_AccountRegistartionTest@38234a38]" started-at="2024-10-08T17:22:36 IST" name="Verify_Account_Registration" finished-at="2024-10-08T17:22:40 IST" duration-ms="4529" status="PASS">
          <reporter-output>
          </reporter-output>
        </test-method> <!-- Verify_Account_Registration -->
        <test-method is-config="true" signature="teatdown()[pri:0, instance:testCases.TC001_AccountRegistartionTest@38234a38]" started-at="2024-10-08T17:22:40 IST" name="teatdown" finished-at="2024-10-08T17:22:41 IST" duration-ms="301" status="PASS">
          <reporter-output>
          </reporter-output>
        </test-method> <!-- teatdown -->
      </class> <!-- testCases.TC001_AccountRegistartionTest -->
    </test> <!-- Test -->
  </suite> <!-- Suite -->
</testng-results>
